e:\repos\gl\gl\x64\debug\vc143.pdb
e:\repos\gl\gl\x64\debug\vc143.idb
e:\repos\gl\gl\x64\debug\core.obj
e:\repos\gl\gl\x64\debug\202306100323.obj
e:\repos\gl\gl\x64\debug\renderobject.obj
e:\repos\gl\gl\x64\debug\material.obj
e:\repos\gl\x64\debug\glfw3.dll
e:\repos\gl\x64\debug\gl.exe
e:\repos\gl\gl\x64\debug\gl.ilk
e:\repos\gl\x64\debug\gl.pdb
e:\repos\gl\gl\x64\debug\gl.tlog\cl.command.1.tlog
e:\repos\gl\gl\x64\debug\gl.tlog\cl.read.1.tlog
e:\repos\gl\gl\x64\debug\gl.tlog\cl.write.1.tlog
e:\repos\gl\gl\x64\debug\gl.tlog\gl.write.1u.tlog
e:\repos\gl\gl\x64\debug\gl.tlog\link.40280-cvtres.read.1.tlog
e:\repos\gl\gl\x64\debug\gl.tlog\link.40280-cvtres.write.1.tlog
e:\repos\gl\gl\x64\debug\gl.tlog\link.40280-rc.read.1.tlog
e:\repos\gl\gl\x64\debug\gl.tlog\link.40280-rc.write.1.tlog
e:\repos\gl\gl\x64\debug\gl.tlog\link.40280.read.1.tlog
e:\repos\gl\gl\x64\debug\gl.tlog\link.40280.read.2.tlog
e:\repos\gl\gl\x64\debug\gl.tlog\link.40280.write.1.tlog
e:\repos\gl\gl\x64\debug\gl.tlog\link.command.1.tlog
e:\repos\gl\gl\x64\debug\gl.tlog\link.read.1.tlog
e:\repos\gl\gl\x64\debug\gl.tlog\link.write.1.tlog
